# JRE version: OpenJDK Runtime Environment (8.0_242-b01) (build 1.8.0_242-release-1644-b01)
# Java VM: OpenJDK 64-Bit Server VM (25.242-b01 mixed mode windows-amd64 compressed oops)
Heap:
 PSYoungGen      total 206848K, used 68753K [0x00000000e0000000, 0x00000000ee800000, 0x0000000100000000)
  eden space 181248K, 27% used [0x00000000e0000000,0x00000000e306fd08,0x00000000eb100000)
  from space 25600K, 74% used [0x00000000ecf00000,0x00000000ee1b4880,0x00000000ee800000)
  to   space 28160K, 0% used [0x00000000eb100000,0x00000000eb100000,0x00000000ecc80000)
 ParOldGen       total 353280K, used 201628K [0x00000000a0000000, 0x00000000b5900000, 0x00000000e0000000)
  object space 353280K, 57% used [0x00000000a0000000,0x00000000ac4e7038,0x00000000b5900000)
 Metaspace       used 82374K, capacity 88314K, committed 88576K, reserved 1126400K
  class space    used 11094K, capacity 12226K, committed 12288K, reserved 1048576K
GC Heap History (10 events):
Event: 89.588 GC heap before
{Heap before GC invocations=25 (full 4):
 PSYoungGen      total 174592K, used 15831K [0x00000000e0000000, 0x00000000ed700000, 0x0000000100000000)
  eden space 147968K, 0% used [0x00000000e0000000,0x00000000e0000000,0x00000000e9080000)
  from space 26624K, 59% used [0x00000000e9080000,0x00000000e9ff5f50,0x00000000eaa80000)
  to   space 26624K, 0% used [0x00000000ebd00000,0x00000000ebd00000,0x00000000ed700000)
 ParOldGen       total 120320K, used 115085K [0x00000000a0000000, 0x00000000a7580000, 0x00000000e0000000)
  object space 120320K, 95% used [0x00000000a0000000,0x00000000a70637b0,0x00000000a7580000)
 Metaspace       used 75983K, capacity 81488K, committed 81792K, reserved 1120256K
  class space    used 10510K, capacity 11572K, committed 11648K, reserved 1048576K
Event: 90.121 GC heap after
Heap after GC invocations=25 (full 4):
 PSYoungGen      total 174592K, used 0K [0x00000000e0000000, 0x00000000ed700000, 0x0000000100000000)
  eden space 147968K, 0% used [0x00000000e0000000,0x00000000e0000000,0x00000000e9080000)
  from space 26624K, 0% used [0x00000000e9080000,0x00000000e9080000,0x00000000eaa80000)
  to   space 26624K, 0% used [0x00000000ebd00000,0x00000000ebd00000,0x00000000ed700000)
 ParOldGen       total 254464K, used 119423K [0x00000000a0000000, 0x00000000af880000, 0x00000000e0000000)
  object space 254464K, 46% used [0x00000000a0000000,0x00000000a749fde0,0x00000000af880000)
 Metaspace       used 75786K, capacity 80904K, committed 81792K, reserved 1120256K
  class space    used 10448K, capacity 11464K, committed 11648K, reserved 1048576K
}
Event: 92.677 GC heap before
{Heap before GC invocations=26 (full 4):
 PSYoungGen      total 174592K, used 140714K [0x00000000e0000000, 0x00000000ed700000, 0x0000000100000000)
  eden space 147968K, 95% used [0x00000000e0000000,0x00000000e896aaf0,0x00000000e9080000)
  from space 26624K, 0% used [0x00000000e9080000,0x00000000e9080000,0x00000000eaa80000)
  to   space 26624K, 0% used [0x00000000ebd00000,0x00000000ebd00000,0x00000000ed700000)
 ParOldGen       total 254464K, used 119423K [0x00000000a0000000, 0x00000000af880000, 0x00000000e0000000)
  object space 254464K, 46% used [0x00000000a0000000,0x00000000a749fde0,0x00000000af880000)
 Metaspace       used 77427K, capacity 82614K, committed 83200K, reserved 1120256K
  class space    used 10647K, capacity 11679K, committed 11776K, reserved 1048576K
Event: 92.726 GC heap after
Heap after GC invocations=26 (full 4):
 PSYoungGen      total 192000K, used 19676K [0x00000000e0000000, 0x00000000edd80000, 0x0000000100000000)
  eden space 165376K, 0% used [0x00000000e0000000,0x00000000e0000000,0x00000000ea180000)
  from space 26624K, 73% used [0x00000000ebd00000,0x00000000ed037150,0x00000000ed700000)
  to   space 28160K, 0% used [0x00000000ea180000,0x00000000ea180000,0x00000000ebd00000)
 ParOldGen       total 254464K, used 234837K [0x00000000a0000000, 0x00000000af880000, 0x00000000e0000000)
  object space 254464K, 92% used [0x00000000a0000000,0x00000000ae555460,0x00000000af880000)
 Metaspace       used 77427K, capacity 82614K, committed 83200K, reserved 1120256K
  class space    used 10647K, capacity 11679K, committed 11776K, reserved 1048576K
}
Event: 92.726 GC heap before
{Heap before GC invocations=27 (full 5):
 PSYoungGen      total 192000K, used 19676K [0x00000000e0000000, 0x00000000edd80000, 0x0000000100000000)
  eden space 165376K, 0% used [0x00000000e0000000,0x00000000e0000000,0x00000000ea180000)
  from space 26624K, 73% used [0x00000000ebd00000,0x00000000ed037150,0x00000000ed700000)
  to   space 28160K, 0% used [0x00000000ea180000,0x00000000ea180000,0x00000000ebd00000)
 ParOldGen       total 254464K, used 234837K [0x00000000a0000000, 0x00000000af880000, 0x00000000e0000000)
  object space 254464K, 92% used [0x00000000a0000000,0x00000000ae555460,0x00000000af880000)
 Metaspace       used 77427K, capacity 82614K, committed 83200K, reserved 1120256K
  class space    used 10647K, capacity 11679K, committed 11776K, reserved 1048576K
Event: 92.938 GC heap after
Heap after GC invocations=27 (full 5):
 PSYoungGen      total 192000K, used 0K [0x00000000e0000000, 0x00000000edd80000, 0x0000000100000000)
  eden space 165376K, 0% used [0x00000000e0000000,0x00000000e0000000,0x00000000ea180000)
  from space 26624K, 0% used [0x00000000ebd00000,0x00000000ebd00000,0x00000000ed700000)
  to   space 28160K, 0% used [0x00000000ea180000,0x00000000ea180000,0x00000000ebd00000)
 ParOldGen       total 353280K, used 149090K [0x00000000a0000000, 0x00000000b5900000, 0x00000000e0000000)
  object space 353280K, 42% used [0x00000000a0000000,0x00000000a91988a8,0x00000000b5900000)
 Metaspace       used 77426K, capacity 82608K, committed 83200K, reserved 1120256K
  class space    used 10646K, capacity 11678K, committed 11776K, reserved 1048576K
}
Event: 93.888 GC heap before
{Heap before GC invocations=28 (full 5):
 PSYoungGen      total 192000K, used 164650K [0x00000000e0000000, 0x00000000edd80000, 0x0000000100000000)
  eden space 165376K, 99% used [0x00000000e0000000,0x00000000ea0caa48,0x00000000ea180000)
  from space 26624K, 0% used [0x00000000ebd00000,0x00000000ebd00000,0x00000000ed700000)
  to   space 28160K, 0% used [0x00000000ea180000,0x00000000ea180000,0x00000000ebd00000)
 ParOldGen       total 353280K, used 149090K [0x00000000a0000000, 0x00000000b5900000, 0x00000000e0000000)
  object space 353280K, 42% used [0x00000000a0000000,0x00000000a91988a8,0x00000000b5900000)
 Metaspace       used 77859K, capacity 83126K, committed 83584K, reserved 1120256K
  class space    used 10711K, capacity 11767K, committed 11904K, reserved 1048576K
Event: 93.909 GC heap after
Heap after GC invocations=28 (full 5):
 PSYoungGen      total 193536K, used 9512K [0x00000000e0000000, 0x00000000ee980000, 0x0000000100000000)
  eden space 165376K, 0% used [0x00000000e0000000,0x00000000e0000000,0x00000000ea180000)
  from space 28160K, 33% used [0x00000000ea180000,0x00000000eaaca258,0x00000000ebd00000)
  to   space 27136K, 0% used [0x00000000ecf00000,0x00000000ecf00000,0x00000000ee980000)
 ParOldGen       total 353280K, used 201620K [0x00000000a0000000, 0x00000000b5900000, 0x00000000e0000000)
  object space 353280K, 57% used [0x00000000a0000000,0x00000000ac4e5038,0x00000000b5900000)
 Metaspace       used 77859K, capacity 83126K, committed 83584K, reserved 1120256K
  class space    used 10711K, capacity 11767K, committed 11904K, reserved 1048576K
}
Event: 283.020 GC heap before
{Heap before GC invocations=29 (full 5):
 PSYoungGen      total 193536K, used 174888K [0x00000000e0000000, 0x00000000ee980000, 0x0000000100000000)
  eden space 165376K, 100% used [0x00000000e0000000,0x00000000ea180000,0x00000000ea180000)
  from space 28160K, 33% used [0x00000000ea180000,0x00000000eaaca258,0x00000000ebd00000)
  to   space 27136K, 0% used [0x00000000ecf00000,0x00000000ecf00000,0x00000000ee980000)
 ParOldGen       total 353280K, used 201620K [0x00000000a0000000, 0x00000000b5900000, 0x00000000e0000000)
  object space 353280K, 57% used [0x00000000a0000000,0x00000000ac4e5038,0x00000000b5900000)
 Metaspace       used 81922K, capacity 87548K, committed 87680K, reserved 1124352K
  class space    used 11031K, capacity 12127K, committed 12160K, reserved 1048576K
Event: 283.065 GC heap after
Heap after GC invocations=29 (full 5):
 PSYoungGen      total 206848K, used 19154K [0x00000000e0000000, 0x00000000ee800000, 0x0000000100000000)
  eden space 181248K, 0% used [0x00000000e0000000,0x00000000e0000000,0x00000000eb100000)
  from space 25600K, 74% used [0x00000000ecf00000,0x00000000ee1b4880,0x00000000ee800000)
  to   space 28160K, 0% used [0x00000000eb100000,0x00000000eb100000,0x00000000ecc80000)
 ParOldGen       total 353280K, used 201628K [0x00000000a0000000, 0x00000000b5900000, 0x00000000e0000000)
  object space 353280K, 57% used [0x00000000a0000000,0x00000000ac4e7038,0x00000000b5900000)
 Metaspace       used 81922K, capacity 87548K, committed 87680K, reserved 1124352K
  class space    used 11031K, capacity 12127K, committed 12160K, reserved 1048576K
}

